<!DOCTYPE html PUBLIC "-//W3C//DTD XHTML 1.1//EN" "http://www.w3.org/TR/xhtml11/DTD/xhtml11.dtd">
<html xmlns="http://www.w3.org/1999/xhtml">
<head>
<meta http-equiv="content-type" content="text/html; charset=UTF-8"/>
<title>TestNG Report</title>
<style type="text/css">table {margin-bottom:10px;border-collapse:collapse;empty-cells:show}th,td {border:1px solid #009;padding:.25em .5em}th {vertical-align:bottom}td {vertical-align:top}table a {font-weight:bold}.stripe td {background-color: #E6EBF9}.num {text-align:right}.passedodd td {background-color: #3F3}.passedeven td {background-color: #0A0}.skippedodd td {background-color: #DDD}.skippedeven td {background-color: #CCC}.failedodd td,.attn {background-color: #F33}.failedeven td,.stripe .attn {background-color: #D00}.stacktrace {white-space:pre;font-family:monospace}.totop {font-size:85%;text-align:center;border-bottom:2px solid #000}.invisible {display:none}</style>
</head>
<body>
<table>
<tr><th>Test</th><th># Passed</th><th># Skipped</th><th># Failed</th><th>Time (ms)</th><th>Included Groups</th><th>Excluded Groups</th></tr>
<tr><th colspan="7">FlipKart Automation Suite</th></tr>
<tr><td><a href="#t0">Flipkart Test</a></td><td class="num">3</td><td class="num">0</td><td class="num attn">1</td><td class="num">30,634</td><td></td><td></td></tr>
</table>
<table id='summary'><thead><tr><th>Class</th><th>Method</th><th>Start</th><th>Time (ms)</th></tr></thead><tbody><tr><th colspan="4">FlipKart Automation Suite</th></tr></tbody><tbody id="t0"><tr><th colspan="4">Flipkart Test &#8212; failed (configuration methods)</th></tr><tr class="failedeven"><td rowspan="1">com.FlipKart.testCases.AddProductTest</td><td><a href="#m0">getResult</a></td><td rowspan="1">1596452411116</td><td rowspan="1">1253</td></tr><tr class="failedodd"><td rowspan="2">com.FlipKart.testCases.LoginPageTest</td><td><a href="#m1">closeExtendReport</a></td><td rowspan="1">1596452413993</td><td rowspan="1">1</td></tr><tr class="failedodd"><td><a href="#m2">getResult</a></td><td rowspan="1">1596452388340</td><td rowspan="1">60</td></tr><tr class="failedeven"><td rowspan="1">com.FlipKart.testCases.LogoutTest</td><td><a href="#m3">getResult</a></td><td rowspan="1">1596452413988</td><td rowspan="1">0</td></tr><tr class="failedodd"><td rowspan="1">com.FlipKart.testCases.SearchPageTest</td><td><a href="#m4">getResult</a></td><td rowspan="1">1596452388964</td><td rowspan="1">6</td></tr><tr><th colspan="4">Flipkart Test &#8212; failed</th></tr><tr class="failedeven"><td rowspan="1">com.FlipKart.testCases.AddProductTest</td><td><a href="#m5">addProductValidation</a></td><td rowspan="1">1596452388987</td><td rowspan="1">22125</td></tr><tr><th colspan="4">Flipkart Test &#8212; skipped (configuration methods)</th></tr><tr class="skippedeven"><td rowspan="1">com.FlipKart.testCases.LoginPageTest</td><td><a href="#m6">tearDown</a></td><td rowspan="1">1596452414706</td><td rowspan="1">0</td></tr><tr><th colspan="4">Flipkart Test &#8212; passed</th></tr><tr class="passedeven"><td rowspan="1">com.FlipKart.testCases.LoginPageTest</td><td><a href="#m7">loginTest</a></td><td rowspan="1">1596452383564</td><td rowspan="1">4772</td></tr><tr class="passedodd"><td rowspan="1">com.FlipKart.testCases.LogoutTest</td><td><a href="#m8">userLogout</a></td><td rowspan="1">1596452412379</td><td rowspan="1">1606</td></tr><tr class="passedeven"><td rowspan="1">com.FlipKart.testCases.SearchPageTest</td><td><a href="#m9">searchItemValidation</a></td><td rowspan="1">1596452388506</td><td rowspan="1">453</td></tr></tbody>
</table>
<h2>Flipkart Test</h2><h3 id="m0">com.FlipKart.testCases.AddProductTest#getResult</h3><table class="result"><tr class="param"><th>Parameter #1</th></tr><tr class="param stripe"><td>[TestResult name=addProductValidation status=FAILURE method=AddProductTest.addProductValidation()[pri:0, instance:com.FlipKart.testCases.AddProductTest@5442a311] output={null}]</td></tr><tr><th>Exception</th></tr><tr><td><div class="stacktrace">java.lang.NullPointerException
	at com.FlipKart.testCases.BaseClass.getResult(BaseClass.java:102)
... Removed 28 stack frames</div></td></tr></table><p class="totop"><a href="#summary">back to summary</a></p>
<h3 id="m1">com.FlipKart.testCases.LoginPageTest#closeExtendReport</h3><table class="result"><tr><th>Exception</th></tr><tr><td><div class="stacktrace">java.lang.NullPointerException
	at com.FlipKart.testCases.BaseClass.closeExtendReport(BaseClass.java:118)
... Removed 24 stack frames</div></td></tr></table><p class="totop"><a href="#summary">back to summary</a></p>
<h3 id="m2">com.FlipKart.testCases.LoginPageTest#getResult</h3><table class="result"><tr class="param"><th>Parameter #1</th></tr><tr class="param stripe"><td>[TestResult name=loginTest status=SUCCESS method=LoginPageTest.loginTest()[pri:0, instance:com.FlipKart.testCases.LoginPageTest@343f4d3d] output={null}]</td></tr><tr><th>Exception</th></tr><tr><td><div class="stacktrace">java.lang.NullPointerException
	at com.FlipKart.testCases.BaseClass.getResult(BaseClass.java:107)
... Removed 28 stack frames</div></td></tr></table><p class="totop"><a href="#summary">back to summary</a></p>
<h3 id="m3">com.FlipKart.testCases.LogoutTest#getResult</h3><table class="result"><tr class="param"><th>Parameter #1</th></tr><tr class="param stripe"><td>[TestResult name=userLogout status=SUCCESS method=LogoutTest.userLogout()[pri:0, instance:com.FlipKart.testCases.LogoutTest@548e7350] output={null}]</td></tr><tr><th>Exception</th></tr><tr><td><div class="stacktrace">java.lang.NullPointerException
	at com.FlipKart.testCases.BaseClass.getResult(BaseClass.java:107)
... Removed 28 stack frames</div></td></tr></table><p class="totop"><a href="#summary">back to summary</a></p>
<h3 id="m4">com.FlipKart.testCases.SearchPageTest#getResult</h3><table class="result"><tr class="param"><th>Parameter #1</th></tr><tr class="param stripe"><td>[TestResult name=searchItemValidation status=SUCCESS method=SearchPageTest.searchItemValidation()[pri:0, instance:com.FlipKart.testCases.SearchPageTest@53b32d7] output={null}]</td></tr><tr><th>Exception</th></tr><tr><td><div class="stacktrace">java.lang.NullPointerException
	at com.FlipKart.testCases.BaseClass.getResult(BaseClass.java:107)
... Removed 28 stack frames</div></td></tr></table><p class="totop"><a href="#summary">back to summary</a></p>
<h3 id="m5">com.FlipKart.testCases.AddProductTest#addProductValidation</h3><table class="result"><tr><th>Exception</th></tr><tr><td><div class="stacktrace">org.openqa.selenium.StaleElementReferenceException: stale element reference: element is not attached to the page document
  (Session info: chrome=85.0.4183.48)
For documentation on this error, please visit: https://www.seleniumhq.org/exceptions/stale_element_reference.html
Build info: version: &apos;3.141.59&apos;, revision: &apos;e82be7d358&apos;, time: &apos;2018-11-14T08:17:03&apos;
System info: host: &apos;IBRAHIM&apos;, ip: &apos;192.168.43.16&apos;, os.name: &apos;Windows 10&apos;, os.arch: &apos;amd64&apos;, os.version: &apos;10.0&apos;, java.version: &apos;1.8.0_251&apos;
Driver info: org.openqa.selenium.chrome.ChromeDriver
Capabilities {acceptInsecureCerts: false, browserName: chrome, browserVersion: 85.0.4183.48, chrome: {chromedriverVersion: 84.0.4147.30 (48b3e868b4cc0..., userDataDir: C:\Users\AHAMED\AppData\Loc...}, goog:chromeOptions: {debuggerAddress: localhost:52155}, javascriptEnabled: true, networkConnectionEnabled: false, pageLoadStrategy: normal, platform: WINDOWS, platformName: WINDOWS, proxy: Proxy(), setWindowRect: true, strictFileInteractability: false, timeouts: {implicit: 0, pageLoad: 300000, script: 30000}, unhandledPromptBehavior: dismiss and notify, webauthn:virtualAuthenticators: true}
Session ID: 25ee411832b343905adeb6a37f537420
	at org.openqa.selenium.remote.http.W3CHttpResponseCodec.createException(W3CHttpResponseCodec.java:187)
	at org.openqa.selenium.remote.http.W3CHttpResponseCodec.decode(W3CHttpResponseCodec.java:122)
	at org.openqa.selenium.remote.http.W3CHttpResponseCodec.decode(W3CHttpResponseCodec.java:49)
	at org.openqa.selenium.remote.HttpCommandExecutor.execute(HttpCommandExecutor.java:158)
	at org.openqa.selenium.remote.service.DriverCommandExecutor.execute(DriverCommandExecutor.java:83)
	at org.openqa.selenium.remote.RemoteWebDriver.execute(RemoteWebDriver.java:552)
	at org.openqa.selenium.remote.RemoteWebElement.execute(RemoteWebElement.java:285)
	at org.openqa.selenium.remote.RemoteWebElement.click(RemoteWebElement.java:84)
	at org.openqa.selenium.support.pagefactory.internal.LocatingElementHandler.invoke(LocatingElementHandler.java:51)
	at com.sun.proxy.$Proxy11.click(Unknown Source)
	at com.FlipKart.PageObjects.AddProduct.addProduct(AddProduct.java:80)
	at com.FlipKart.testCases.AddProductTest.addProductValidation(AddProductTest.java:14)
... Removed 33 stack frames</div></td></tr></table><p class="totop"><a href="#summary">back to summary</a></p>
<h3 id="m6">com.FlipKart.testCases.LoginPageTest#tearDown</h3><table class="result"><tr><th class="invisible"/></tr></table><p class="totop"><a href="#summary">back to summary</a></p>
<h3 id="m7">com.FlipKart.testCases.LoginPageTest#loginTest</h3><table class="result"><tr><th class="invisible"/></tr></table><p class="totop"><a href="#summary">back to summary</a></p>
<h3 id="m8">com.FlipKart.testCases.LogoutTest#userLogout</h3><table class="result"><tr><th class="invisible"/></tr></table><p class="totop"><a href="#summary">back to summary</a></p>
<h3 id="m9">com.FlipKart.testCases.SearchPageTest#searchItemValidation</h3><table class="result"><tr><th class="invisible"/></tr></table><p class="totop"><a href="#summary">back to summary</a></p>
</body>
</html>
