<?xml version="1.0" encoding="UTF-8"?>
<!-- Generated by org.testng.reporters.JUnitXMLReporter -->
<testsuite hostname="IBRAHIM" ignored="6" name="Flipkart Test in Grid with browser ie" tests="0" failures="0" timestamp="06 Aug 2020 12:57:42 GMT" time="0.672" errors="0">
  <testcase name="@BeforeTest initialization" time="0.0" classname="base.BaseClass">
    <failure type="org.testng.TestNGException" message="
Parameter &amp;apos;TestCaseId&amp;apos; is required by BeforeTest on method initialization but has not been marked @Optional or defined
in D:\FlipKart_Framework\flipkartAutomation\testng.xml">
      <![CDATA[org.testng.TestNGException: 
Parameter 'TestCaseId' is required by BeforeTest on method initialization but has not been marked @Optional or defined
in D:\FlipKart_Framework\flipkartAutomation\testng.xml
at java.util.concurrent.FutureTask.run(Unknown Source)
at java.util.concurrent.ThreadPoolExecutor.runWorker(Unknown Source)
at java.util.concurrent.ThreadPoolExecutor$Worker.run(Unknown Source)
at java.lang.Thread.run(Unknown Source)
... Removed 12 stack frames]]>
    </failure>
  </testcase> <!-- @BeforeTest initialization -->
  <testcase name="@BeforeTest initialization" time="0.0" classname="base.BaseClass">
    <failure type="org.testng.TestNGException" message="
Parameter &amp;apos;TestCaseId&amp;apos; is required by BeforeTest on method initialization but has not been marked @Optional or defined
in D:\FlipKart_Framework\flipkartAutomation\testng.xml">
      <![CDATA[org.testng.TestNGException: 
Parameter 'TestCaseId' is required by BeforeTest on method initialization but has not been marked @Optional or defined
in D:\FlipKart_Framework\flipkartAutomation\testng.xml
at java.util.concurrent.FutureTask.run(Unknown Source)
at java.util.concurrent.ThreadPoolExecutor.runWorker(Unknown Source)
at java.util.concurrent.ThreadPoolExecutor$Worker.run(Unknown Source)
at java.lang.Thread.run(Unknown Source)
... Removed 12 stack frames]]>
    </failure>
  </testcase> <!-- @BeforeTest initialization -->
  <testcase name="@AfterTest tearDown" time="0.0" classname="base.BaseClass">
    <skipped/>
  </testcase> <!-- @AfterTest tearDown -->
  <testcase name="@AfterTest tearDown" time="0.0" classname="base.BaseClass">
    <skipped/>
  </testcase> <!-- @AfterTest tearDown -->
  <testcase name="@AfterTest tearDown" time="0.0" classname="base.BaseClass">
    <ignored/>
  </testcase> <!-- @AfterTest tearDown -->
  <testcase name="@AfterTest tearDown" time="0.0" classname="base.BaseClass">
    <ignored/>
  </testcase> <!-- @AfterTest tearDown -->
  <testcase name="@AfterTest tearDown" time="0.0" classname="base.BaseClass">
    <ignored/>
  </testcase> <!-- @AfterTest tearDown -->
  <testcase name="@BeforeTest initialization" time="0.0" classname="base.BaseClass">
    <ignored/>
  </testcase> <!-- @BeforeTest initialization -->
  <testcase name="@BeforeTest initialization" time="0.0" classname="base.BaseClass">
    <ignored/>
  </testcase> <!-- @BeforeTest initialization -->
  <testcase name="@BeforeTest initialization" time="0.0" classname="base.BaseClass">
    <ignored/>
  </testcase> <!-- @BeforeTest initialization -->
</testsuite> <!-- Flipkart Test in Grid with browser ie -->
